<?xml version="1.0" encoding="UTF-8"?>
<!-- Generated by org.testng.reporters.JUnitReportReporter -->
<testsuite skipped="0" hostname="s2bvdiw10dv0180" name="Testsecond" tests="2" failures="0" timestamp="07 Aug 2019 11:06:18 GMT" time="8.631" errors="0">
  <testcase name="Welcome" time="0.001" classname="Testsecond"/>
  <testcase name="Driver" time="8.630" classname="Testsecond"/>
</testsuite> <!-- Testsecond -->
