<?xml version="1.0" encoding="UTF-8"?>
<!-- Generated by org.testng.reporters.JUnitReportReporter -->
<testsuite skipped="0" hostname="s2bvdiw10dv0180" name="Welcome" tests="2" failures="0" timestamp="07 Aug 2019 11:06:18 GMT" time="11.113" errors="0">
  <testcase name="Welcome" time="0.012" classname="Welcome"/>
  <testcase name="Driver" time="11.101" classname="Welcome"/>
</testsuite> <!-- Welcome -->
